This file contains any messages produced by compilers while
running configure, to aid debugging if configure makes a mistake.

It was created by c-RIBBIT configure 0.0.1, which was
generated by GNU Autoconf 2.69.  Invocation command line was

  $ ./configure --no-create --no-recursion

## --------- ##
## Platform. ##
## --------- ##

hostname = rjenkins-VirtualBox
uname -m = x86_64
uname -r = 3.16.0-62-generic
uname -s = Linux
uname -v = #83~14.04.1-Ubuntu SMP Fri Feb 26 22:52:39 UTC 2016

/usr/bin/uname -p = unknown
/bin/uname -X     = unknown

/bin/arch              = unknown
/usr/bin/arch -k       = unknown
/usr/convex/getsysinfo = unknown
/usr/bin/hostinfo      = unknown
/bin/machine           = unknown
/usr/bin/oslevel       = unknown
/bin/universe          = unknown

PATH: /usr/local/sbin
PATH: /usr/local/bin
PATH: /usr/sbin
PATH: /usr/bin
PATH: /sbin
PATH: /bin
PATH: /usr/games
PATH: /usr/local/games


## ----------- ##
## Core tests. ##
## ----------- ##

configure:2181: checking for a BSD-compatible install
configure:2249: result: /usr/bin/install -c
configure:2260: checking whether build environment is sane
configure:2315: result: yes
configure:2466: checking for a thread-safe mkdir -p
configure:2505: result: /bin/mkdir -p
configure:2512: checking for gawk
configure:2542: result: no
configure:2512: checking for mawk
configure:2528: found /usr/bin/mawk
configure:2539: result: mawk
configure:2550: checking whether make sets $(MAKE)
configure:2572: result: yes
configure:2601: checking whether make supports nested variables
configure:2618: result: yes
configure:2791: checking for gcc
configure:2807: found /usr/bin/gcc
configure:2818: result: gcc
configure:3047: checking for C compiler version
configure:3056: gcc --version >&5
gcc (Ubuntu 4.8.4-2ubuntu1~14.04.1) 4.8.4
Copyright (C) 2013 Free Software Foundation, Inc.
This is free software; see the source for copying conditions.  There is NO
warranty; not even for MERCHANTABILITY or FITNESS FOR A PARTICULAR PURPOSE.

configure:3067: $? = 0
configure:3056: gcc -v >&5
Using built-in specs.
COLLECT_GCC=gcc
COLLECT_LTO_WRAPPER=/usr/lib/gcc/x86_64-linux-gnu/4.8/lto-wrapper
Target: x86_64-linux-gnu
Configured with: ../src/configure -v --with-pkgversion='Ubuntu 4.8.4-2ubuntu1~14.04.1' --with-bugurl=file:///usr/share/doc/gcc-4.8/README.Bugs --enable-languages=c,c++,java,go,d,fortran,objc,obj-c++ --prefix=/usr --program-suffix=-4.8 --enable-shared --enable-linker-build-id --libexecdir=/usr/lib --without-included-gettext --enable-threads=posix --with-gxx-include-dir=/usr/include/c++/4.8 --libdir=/usr/lib --enable-nls --with-sysroot=/ --enable-clocale=gnu --enable-libstdcxx-debug --enable-libstdcxx-time=yes --enable-gnu-unique-object --disable-libmudflap --enable-plugin --with-system-zlib --disable-browser-plugin --enable-java-awt=gtk --enable-gtk-cairo --with-java-home=/usr/lib/jvm/java-1.5.0-gcj-4.8-amd64/jre --enable-java-home --with-jvm-root-dir=/usr/lib/jvm/java-1.5.0-gcj-4.8-amd64 --with-jvm-jar-dir=/usr/lib/jvm-exports/java-1.5.0-gcj-4.8-amd64 --with-arch-directory=amd64 --with-ecj-jar=/usr/share/java/eclipse-ecj.jar --enable-objc-gc --enable-multiarch --disable-werror --with-arch-32=i686 --with-abi=m64 --with-multilib-list=m32,m64,mx32 --with-tune=generic --enable-checking=release --build=x86_64-linux-gnu --host=x86_64-linux-gnu --target=x86_64-linux-gnu
Thread model: posix
gcc version 4.8.4 (Ubuntu 4.8.4-2ubuntu1~14.04.1) 
configure:3067: $? = 0
configure:3056: gcc -V >&5
gcc: error: unrecognized command line option '-V'
gcc: fatal error: no input files
compilation terminated.
configure:3067: $? = 4
configure:3056: gcc -qversion >&5
gcc: error: unrecognized command line option '-qversion'
gcc: fatal error: no input files
compilation terminated.
configure:3067: $? = 4
configure:3087: checking whether the C compiler works
configure:3109: gcc    conftest.c  >&5
configure:3113: $? = 0
configure:3161: result: yes
configure:3164: checking for C compiler default output file name
configure:3166: result: a.out
configure:3172: checking for suffix of executables
configure:3179: gcc -o conftest    conftest.c  >&5
configure:3183: $? = 0
configure:3205: result: 
configure:3227: checking whether we are cross compiling
configure:3235: gcc -o conftest    conftest.c  >&5
configure:3239: $? = 0
configure:3246: ./conftest
configure:3250: $? = 0
configure:3265: result: no
configure:3270: checking for suffix of object files
configure:3292: gcc -c   conftest.c >&5
configure:3296: $? = 0
configure:3317: result: o
configure:3321: checking whether we are using the GNU C compiler
configure:3340: gcc -c   conftest.c >&5
configure:3340: $? = 0
configure:3349: result: yes
configure:3358: checking whether gcc accepts -g
configure:3378: gcc -c -g  conftest.c >&5
configure:3378: $? = 0
configure:3419: result: yes
configure:3436: checking for gcc option to accept ISO C89
configure:3499: gcc  -c -g -O2  conftest.c >&5
configure:3499: $? = 0
configure:3512: result: none needed
configure:3537: checking whether gcc understands -c and -o together
configure:3559: gcc -c conftest.c -o conftest2.o
configure:3562: $? = 0
configure:3559: gcc -c conftest.c -o conftest2.o
configure:3562: $? = 0
configure:3574: result: yes
configure:3602: checking for style of include used by make
configure:3630: result: GNU
configure:3656: checking dependency style of gcc
configure:3767: result: gcc3
configure:3811: checking build system type
configure:3825: result: x86_64-unknown-linux-gnu
configure:3845: checking host system type
configure:3858: result: x86_64-unknown-linux-gnu
configure:3899: checking how to print strings
configure:3926: result: printf
configure:3947: checking for a sed that does not truncate output
configure:4011: result: /bin/sed
configure:4029: checking for grep that handles long lines and -e
configure:4087: result: /bin/grep
configure:4092: checking for egrep
configure:4154: result: /bin/grep -E
configure:4159: checking for fgrep
configure:4221: result: /bin/grep -F
configure:4256: checking for ld used by gcc
configure:4323: result: /usr/bin/ld
configure:4330: checking if the linker (/usr/bin/ld) is GNU ld
configure:4345: result: yes
configure:4357: checking for BSD- or MS-compatible name lister (nm)
configure:4406: result: /usr/bin/nm -B
configure:4536: checking the name lister (/usr/bin/nm -B) interface
configure:4543: gcc -c -g -O2  conftest.c >&5
configure:4546: /usr/bin/nm -B "conftest.o"
configure:4549: output
0000000000000000 B some_variable
configure:4556: result: BSD nm
configure:4559: checking whether ln -s works
configure:4563: result: yes
configure:4571: checking the maximum length of command line arguments
configure:4702: result: 3458764513820540925
configure:4719: checking whether the shell understands some XSI constructs
configure:4729: result: yes
configure:4733: checking whether the shell understands "+="
configure:4739: result: yes
configure:4774: checking how to convert x86_64-unknown-linux-gnu file names to x86_64-unknown-linux-gnu format
configure:4814: result: func_convert_file_noop
configure:4821: checking how to convert x86_64-unknown-linux-gnu file names to toolchain format
configure:4841: result: func_convert_file_noop
configure:4848: checking for /usr/bin/ld option to reload object files
configure:4855: result: -r
configure:4929: checking for objdump
configure:4945: found /usr/bin/objdump
configure:4956: result: objdump
configure:4988: checking how to recognize dependent libraries
configure:5186: result: pass_all
configure:5271: checking for dlltool
configure:5301: result: no
configure:5331: checking how to associate runtime and link libraries
configure:5358: result: printf %s\n
configure:5419: checking for ar
configure:5435: found /usr/bin/ar
configure:5446: result: ar
configure:5483: checking for archiver @FILE support
configure:5500: gcc -c -g -O2  conftest.c >&5
configure:5500: $? = 0
configure:5503: ar cru libconftest.a @conftest.lst >&5
configure:5506: $? = 0
configure:5511: ar cru libconftest.a @conftest.lst >&5
ar: conftest.o: No such file or directory
configure:5514: $? = 1
configure:5526: result: @
configure:5584: checking for strip
configure:5600: found /usr/bin/strip
configure:5611: result: strip
configure:5683: checking for ranlib
configure:5699: found /usr/bin/ranlib
configure:5710: result: ranlib
configure:5812: checking command to parse /usr/bin/nm -B output from gcc object
configure:5932: gcc -c -g -O2  conftest.c >&5
configure:5935: $? = 0
configure:5939: /usr/bin/nm -B conftest.o \| sed -n -e 's/^.*[ ]\([ABCDGIRSTW][ABCDGIRSTW]*\)[ ][ ]*\([_A-Za-z][_A-Za-z0-9]*\)$/\1 \2 \2/p' | sed '/ __gnu_lto/d' \> conftest.nm
configure:5942: $? = 0
configure:6008: gcc -o conftest -g -O2   conftest.c conftstm.o >&5
configure:6011: $? = 0
configure:6049: result: ok
configure:6086: checking for sysroot
configure:6116: result: no
configure:6193: gcc -c -g -O2  conftest.c >&5
configure:6196: $? = 0
configure:6385: checking for mt
configure:6401: found /bin/mt
configure:6412: result: mt
configure:6435: checking if mt is a manifest tool
configure:6441: mt '-?'
configure:6449: result: no
configure:7091: checking how to run the C preprocessor
configure:7122: gcc -E  conftest.c
configure:7122: $? = 0
configure:7136: gcc -E  conftest.c
conftest.c:11:28: fatal error: ac_nonexistent.h: No such file or directory
 #include <ac_nonexistent.h>
                            ^
compilation terminated.
configure:7136: $? = 1
configure: failed program was:
| /* confdefs.h */
| #define PACKAGE_NAME "c-RIBBIT"
| #define PACKAGE_TARNAME "c-ribbit"
| #define PACKAGE_VERSION "0.0.1"
| #define PACKAGE_STRING "c-RIBBIT 0.0.1"
| #define PACKAGE_BUGREPORT ""
| #define PACKAGE_URL ""
| #define PACKAGE "c-ribbit"
| #define VERSION "0.0.1"
| /* end confdefs.h.  */
| #include <ac_nonexistent.h>
configure:7161: result: gcc -E
configure:7181: gcc -E  conftest.c
configure:7181: $? = 0
configure:7195: gcc -E  conftest.c
conftest.c:11:28: fatal error: ac_nonexistent.h: No such file or directory
 #include <ac_nonexistent.h>
                            ^
compilation terminated.
configure:7195: $? = 1
configure: failed program was:
| /* confdefs.h */
| #define PACKAGE_NAME "c-RIBBIT"
| #define PACKAGE_TARNAME "c-ribbit"
| #define PACKAGE_VERSION "0.0.1"
| #define PACKAGE_STRING "c-RIBBIT 0.0.1"
| #define PACKAGE_BUGREPORT ""
| #define PACKAGE_URL ""
| #define PACKAGE "c-ribbit"
| #define VERSION "0.0.1"
| /* end confdefs.h.  */
| #include <ac_nonexistent.h>
configure:7224: checking for ANSI C header files
configure:7244: gcc -c -g -O2  conftest.c >&5
configure:7244: $? = 0
configure:7317: gcc -o conftest -g -O2   conftest.c  >&5
configure:7317: $? = 0
configure:7317: ./conftest
configure:7317: $? = 0
configure:7328: result: yes
configure:7341: checking for sys/types.h
configure:7341: gcc -c -g -O2  conftest.c >&5
configure:7341: $? = 0
configure:7341: result: yes
configure:7341: checking for sys/stat.h
configure:7341: gcc -c -g -O2  conftest.c >&5
configure:7341: $? = 0
configure:7341: result: yes
configure:7341: checking for stdlib.h
configure:7341: gcc -c -g -O2  conftest.c >&5
configure:7341: $? = 0
configure:7341: result: yes
configure:7341: checking for string.h
configure:7341: gcc -c -g -O2  conftest.c >&5
configure:7341: $? = 0
configure:7341: result: yes
configure:7341: checking for memory.h
configure:7341: gcc -c -g -O2  conftest.c >&5
configure:7341: $? = 0
configure:7341: result: yes
configure:7341: checking for strings.h
configure:7341: gcc -c -g -O2  conftest.c >&5
configure:7341: $? = 0
configure:7341: result: yes
configure:7341: checking for inttypes.h
configure:7341: gcc -c -g -O2  conftest.c >&5
configure:7341: $? = 0
configure:7341: result: yes
configure:7341: checking for stdint.h
configure:7341: gcc -c -g -O2  conftest.c >&5
configure:7341: $? = 0
configure:7341: result: yes
configure:7341: checking for unistd.h
configure:7341: gcc -c -g -O2  conftest.c >&5
configure:7341: $? = 0
configure:7341: result: yes
configure:7355: checking for dlfcn.h
configure:7355: gcc -c -g -O2  conftest.c >&5
configure:7355: $? = 0
configure:7355: result: yes
configure:7561: checking for objdir
configure:7576: result: .libs
configure:7843: checking if gcc supports -fno-rtti -fno-exceptions
configure:7861: gcc -c -g -O2  -fno-rtti -fno-exceptions conftest.c >&5
cc1: warning: command line option '-fno-rtti' is valid for C++/ObjC++ but not for C [enabled by default]
configure:7865: $? = 0
configure:7878: result: no
configure:8205: checking for gcc option to produce PIC
configure:8212: result: -fPIC -DPIC
configure:8220: checking if gcc PIC flag -fPIC -DPIC works
configure:8238: gcc -c -g -O2  -fPIC -DPIC -DPIC conftest.c >&5
configure:8242: $? = 0
configure:8255: result: yes
configure:8284: checking if gcc static flag -static works
configure:8312: result: yes
configure:8327: checking if gcc supports -c -o file.o
configure:8348: gcc -c -g -O2  -o out/conftest2.o conftest.c >&5
configure:8352: $? = 0
configure:8374: result: yes
configure:8382: checking if gcc supports -c -o file.o
configure:8429: result: yes
configure:8462: checking whether the gcc linker (/usr/bin/ld -m elf_x86_64) supports shared libraries
configure:9619: result: yes
configure:9656: checking whether -lc should be explicitly linked in
configure:9664: gcc -c -g -O2  conftest.c >&5
configure:9667: $? = 0
configure:9682: gcc -shared  -fPIC -DPIC conftest.o  -v -Wl,-soname -Wl,conftest -o conftest 2\>\&1 \| /bin/grep  -lc  \>/dev/null 2\>\&1
configure:9685: $? = 0
configure:9699: result: no
configure:9859: checking dynamic linker characteristics
configure:10359: gcc -o conftest -g -O2   -Wl,-rpath -Wl,/foo conftest.c  >&5
configure:10359: $? = 0
configure:10593: result: GNU/Linux ld.so
configure:10700: checking how to hardcode library paths into programs
configure:10725: result: immediate
configure:11265: checking whether stripping libraries is possible
configure:11270: result: yes
configure:11305: checking if libtool supports shared libraries
configure:11307: result: yes
configure:11310: checking whether to build shared libraries
configure:11331: result: yes
configure:11334: checking whether to build static libraries
configure:11338: result: yes
configure:11522: checking that generated files are newer than configure
configure:11528: result: done
configure:11551: creating ./config.status
configure:13645: checking for pkg-config
configure:13663: found /usr/bin/pkg-config
configure:13675: result: /usr/bin/pkg-config
configure:13700: checking pkg-config is at least version 0.9.0
configure:13703: result: yes
configure:13713: checking for libcurl
configure:13720: $PKG_CONFIG --exists --print-errors "libcurl >= 7.0"
configure:13723: $? = 0
configure:13737: $PKG_CONFIG --exists --print-errors "libcurl >= 7.0"
configure:13740: $? = 0
configure:13798: result: yes
configure:13804: checking for CHECK
configure:13811: $PKG_CONFIG --exists --print-errors "check >= 0.8.2"
configure:13814: $? = 0
configure:13828: $PKG_CONFIG --exists --print-errors "check >= 0.8.2"
configure:13831: $? = 0
configure:13873: result: yes

## ---------------- ##
## Cache variables. ##
## ---------------- ##

ac_cv_build=x86_64-unknown-linux-gnu
ac_cv_c_compiler_gnu=yes
ac_cv_env_CC_set=
ac_cv_env_CC_value=
ac_cv_env_CFLAGS_set=
ac_cv_env_CFLAGS_value=
ac_cv_env_CHECK_CFLAGS_set=
ac_cv_env_CHECK_CFLAGS_value=
ac_cv_env_CHECK_LIBS_set=
ac_cv_env_CHECK_LIBS_value=
ac_cv_env_CPPFLAGS_set=
ac_cv_env_CPPFLAGS_value=
ac_cv_env_CPP_set=
ac_cv_env_CPP_value=
ac_cv_env_LDFLAGS_set=
ac_cv_env_LDFLAGS_value=
ac_cv_env_LIBS_set=
ac_cv_env_LIBS_value=
ac_cv_env_PKG_CONFIG_LIBDIR_set=
ac_cv_env_PKG_CONFIG_LIBDIR_value=
ac_cv_env_PKG_CONFIG_PATH_set=
ac_cv_env_PKG_CONFIG_PATH_value=
ac_cv_env_PKG_CONFIG_set=
ac_cv_env_PKG_CONFIG_value=
ac_cv_env_build_alias_set=
ac_cv_env_build_alias_value=
ac_cv_env_host_alias_set=
ac_cv_env_host_alias_value=
ac_cv_env_libcurl_CFLAGS_set=
ac_cv_env_libcurl_CFLAGS_value=
ac_cv_env_libcurl_LIBS_set=
ac_cv_env_libcurl_LIBS_value=
ac_cv_env_target_alias_set=
ac_cv_env_target_alias_value=
ac_cv_header_dlfcn_h=yes
ac_cv_header_inttypes_h=yes
ac_cv_header_memory_h=yes
ac_cv_header_stdc=yes
ac_cv_header_stdint_h=yes
ac_cv_header_stdlib_h=yes
ac_cv_header_string_h=yes
ac_cv_header_strings_h=yes
ac_cv_header_sys_stat_h=yes
ac_cv_header_sys_types_h=yes
ac_cv_header_unistd_h=yes
ac_cv_host=x86_64-unknown-linux-gnu
ac_cv_objext=o
ac_cv_path_EGREP='/bin/grep -E'
ac_cv_path_FGREP='/bin/grep -F'
ac_cv_path_GREP=/bin/grep
ac_cv_path_SED=/bin/sed
ac_cv_path_ac_pt_PKG_CONFIG=/usr/bin/pkg-config
ac_cv_path_install='/usr/bin/install -c'
ac_cv_path_mkdir=/bin/mkdir
ac_cv_prog_AWK=mawk
ac_cv_prog_CPP='gcc -E'
ac_cv_prog_ac_ct_AR=ar
ac_cv_prog_ac_ct_CC=gcc
ac_cv_prog_ac_ct_MANIFEST_TOOL=mt
ac_cv_prog_ac_ct_OBJDUMP=objdump
ac_cv_prog_ac_ct_RANLIB=ranlib
ac_cv_prog_ac_ct_STRIP=strip
ac_cv_prog_cc_c89=
ac_cv_prog_cc_g=yes
ac_cv_prog_make_make_set=yes
am_cv_CC_dependencies_compiler_type=gcc3
am_cv_make_support_nested_variables=yes
am_cv_prog_cc_c_o=yes
lt_cv_ar_at_file=@
lt_cv_archive_cmds_need_lc=no
lt_cv_deplibs_check_method=pass_all
lt_cv_file_magic_cmd='$MAGIC_CMD'
lt_cv_file_magic_test_file=
lt_cv_ld_reload_flag=-r
lt_cv_nm_interface='BSD nm'
lt_cv_objdir=.libs
lt_cv_path_LD=/usr/bin/ld
lt_cv_path_NM='/usr/bin/nm -B'
lt_cv_path_mainfest_tool=no
lt_cv_prog_compiler_c_o=yes
lt_cv_prog_compiler_pic='-fPIC -DPIC'
lt_cv_prog_compiler_pic_works=yes
lt_cv_prog_compiler_rtti_exceptions=no
lt_cv_prog_compiler_static_works=yes
lt_cv_prog_gnu_ld=yes
lt_cv_sharedlib_from_linklib_cmd='printf %s\n'
lt_cv_shlibpath_overrides_runpath=no
lt_cv_sys_global_symbol_pipe='sed -n -e '\''s/^.*[	 ]\([ABCDGIRSTW][ABCDGIRSTW]*\)[	 ][	 ]*\([_A-Za-z][_A-Za-z0-9]*\)$/\1 \2 \2/p'\'' | sed '\''/ __gnu_lto/d'\'''
lt_cv_sys_global_symbol_to_c_name_address='sed -n -e '\''s/^: \([^ ]*\)[ ]*$/  {\"\1\", (void *) 0},/p'\'' -e '\''s/^[ABCDGIRSTW]* \([^ ]*\) \([^ ]*\)$/  {"\2", (void *) \&\2},/p'\'''
lt_cv_sys_global_symbol_to_c_name_address_lib_prefix='sed -n -e '\''s/^: \([^ ]*\)[ ]*$/  {\"\1\", (void *) 0},/p'\'' -e '\''s/^[ABCDGIRSTW]* \([^ ]*\) \(lib[^ ]*\)$/  {"\2", (void *) \&\2},/p'\'' -e '\''s/^[ABCDGIRSTW]* \([^ ]*\) \([^ ]*\)$/  {"lib\2", (void *) \&\2},/p'\'''
lt_cv_sys_global_symbol_to_cdecl='sed -n -e '\''s/^T .* \(.*\)$/extern int \1();/p'\'' -e '\''s/^[ABCDGIRSTW]* .* \(.*\)$/extern char \1;/p'\'''
lt_cv_sys_max_cmd_len=3458764513820540925
lt_cv_to_host_file_cmd=func_convert_file_noop
lt_cv_to_tool_file_cmd=func_convert_file_noop
pkg_cv_CHECK_CFLAGS='-pthread  '
pkg_cv_CHECK_LIBS='-pthread -lcheck_pic -lrt -lm  '
pkg_cv_libcurl_CFLAGS=' '
pkg_cv_libcurl_LIBS='-lcurl  '

## ----------------- ##
## Output variables. ##
## ----------------- ##

ACLOCAL='${SHELL} /home/rjenkins/c-RIBBIT/missing aclocal-1.14'
AMDEPBACKSLASH='\'
AMDEP_FALSE='#'
AMDEP_TRUE=''
AMTAR='$${TAR-tar}'
AM_BACKSLASH='\'
AM_DEFAULT_V='$(AM_DEFAULT_VERBOSITY)'
AM_DEFAULT_VERBOSITY='1'
AM_V='$(V)'
AR='ar'
AUTOCONF='${SHELL} /home/rjenkins/c-RIBBIT/missing autoconf'
AUTOHEADER='${SHELL} /home/rjenkins/c-RIBBIT/missing autoheader'
AUTOMAKE='${SHELL} /home/rjenkins/c-RIBBIT/missing automake-1.14'
AWK='mawk'
CC='gcc'
CCDEPMODE='depmode=gcc3'
CFLAGS='-g -O2'
CHECK_CFLAGS='-pthread  '
CHECK_LIBS='-pthread -lcheck_pic -lrt -lm  '
CPP='gcc -E'
CPPFLAGS=''
CYGPATH_W='echo'
DEFS='-DPACKAGE_NAME=\"c-RIBBIT\" -DPACKAGE_TARNAME=\"c-ribbit\" -DPACKAGE_VERSION=\"0.0.1\" -DPACKAGE_STRING=\"c-RIBBIT\ 0.0.1\" -DPACKAGE_BUGREPORT=\"\" -DPACKAGE_URL=\"\" -DPACKAGE=\"c-ribbit\" -DVERSION=\"0.0.1\" -DSTDC_HEADERS=1 -DHAVE_SYS_TYPES_H=1 -DHAVE_SYS_STAT_H=1 -DHAVE_STDLIB_H=1 -DHAVE_STRING_H=1 -DHAVE_MEMORY_H=1 -DHAVE_STRINGS_H=1 -DHAVE_INTTYPES_H=1 -DHAVE_STDINT_H=1 -DHAVE_UNISTD_H=1 -DHAVE_DLFCN_H=1 -DLT_OBJDIR=\".libs/\"'
DEPDIR='.deps'
DLLTOOL='false'
DSYMUTIL=''
DUMPBIN=''
ECHO_C=''
ECHO_N='-n'
ECHO_T=''
EGREP='/bin/grep -E'
EXEEXT=''
FGREP='/bin/grep -F'
GREP='/bin/grep'
INSTALL_DATA='${INSTALL} -m 644'
INSTALL_PROGRAM='${INSTALL}'
INSTALL_SCRIPT='${INSTALL}'
INSTALL_STRIP_PROGRAM='$(install_sh) -c -s'
LD='/usr/bin/ld -m elf_x86_64'
LDFLAGS=''
LIBOBJS=''
LIBS=''
LIBTOOL='$(SHELL) $(top_builddir)/libtool'
LIPO=''
LN_S='ln -s'
LTLIBOBJS=''
MAKEINFO='${SHELL} /home/rjenkins/c-RIBBIT/missing makeinfo'
MANIFEST_TOOL=':'
MKDIR_P='/bin/mkdir -p'
NM='/usr/bin/nm -B'
NMEDIT=''
OBJDUMP='objdump'
OBJEXT='o'
OTOOL64=''
OTOOL=''
PACKAGE='c-ribbit'
PACKAGE_BUGREPORT=''
PACKAGE_NAME='c-RIBBIT'
PACKAGE_STRING='c-RIBBIT 0.0.1'
PACKAGE_TARNAME='c-ribbit'
PACKAGE_URL=''
PACKAGE_VERSION='0.0.1'
PATH_SEPARATOR=':'
PKG_CONFIG='/usr/bin/pkg-config'
PKG_CONFIG_LIBDIR=''
PKG_CONFIG_PATH=''
RANLIB='ranlib'
SED='/bin/sed'
SET_MAKE=''
SHELL='/bin/bash'
STRIP='strip'
VERSION='0.0.1'
ac_ct_AR='ar'
ac_ct_CC='gcc'
ac_ct_DUMPBIN=''
am__EXEEXT_FALSE=''
am__EXEEXT_TRUE='#'
am__fastdepCC_FALSE='#'
am__fastdepCC_TRUE=''
am__include='include'
am__isrc=''
am__leading_dot='.'
am__nodep='_no'
am__quote=''
am__tar='$${TAR-tar} chof - "$$tardir"'
am__untar='$${TAR-tar} xf -'
bindir='${exec_prefix}/bin'
build='x86_64-unknown-linux-gnu'
build_alias=''
build_cpu='x86_64'
build_os='linux-gnu'
build_vendor='unknown'
datadir='${datarootdir}'
datarootdir='${prefix}/share'
docdir='${datarootdir}/doc/${PACKAGE_TARNAME}'
dvidir='${docdir}'
exec_prefix='${prefix}'
host='x86_64-unknown-linux-gnu'
host_alias=''
host_cpu='x86_64'
host_os='linux-gnu'
host_vendor='unknown'
htmldir='${docdir}'
includedir='${prefix}/include'
infodir='${datarootdir}/info'
install_sh='${SHELL} /home/rjenkins/c-RIBBIT/install-sh'
libcurl_CFLAGS=' '
libcurl_LIBS='-lcurl  '
libdir='${exec_prefix}/lib'
libexecdir='${exec_prefix}/libexec'
localedir='${datarootdir}/locale'
localstatedir='${prefix}/var'
mandir='${datarootdir}/man'
mkdir_p='$(MKDIR_P)'
oldincludedir='/usr/include'
pdfdir='${docdir}'
prefix='/usr/local'
program_transform_name='s,x,x,'
psdir='${docdir}'
sbindir='${exec_prefix}/sbin'
sharedstatedir='${prefix}/com'
sysconfdir='${prefix}/etc'
target_alias=''

## ----------- ##
## confdefs.h. ##
## ----------- ##

/* confdefs.h */
#define PACKAGE_NAME "c-RIBBIT"
#define PACKAGE_TARNAME "c-ribbit"
#define PACKAGE_VERSION "0.0.1"
#define PACKAGE_STRING "c-RIBBIT 0.0.1"
#define PACKAGE_BUGREPORT ""
#define PACKAGE_URL ""
#define PACKAGE "c-ribbit"
#define VERSION "0.0.1"
#define STDC_HEADERS 1
#define HAVE_SYS_TYPES_H 1
#define HAVE_SYS_STAT_H 1
#define HAVE_STDLIB_H 1
#define HAVE_STRING_H 1
#define HAVE_MEMORY_H 1
#define HAVE_STRINGS_H 1
#define HAVE_INTTYPES_H 1
#define HAVE_STDINT_H 1
#define HAVE_UNISTD_H 1
#define HAVE_DLFCN_H 1
#define LT_OBJDIR ".libs/"

configure: exit 0

## ---------------------- ##
## Running config.status. ##
## ---------------------- ##

This file was extended by c-RIBBIT config.status 0.0.1, which was
generated by GNU Autoconf 2.69.  Invocation command line was

  CONFIG_FILES    = 
  CONFIG_HEADERS  = 
  CONFIG_LINKS    = 
  CONFIG_COMMANDS = 
  $ ./config.status 

on rjenkins-VirtualBox

config.status:1011: creating Makefile
config.status:1011: creating src/Makefile
config.status:1011: creating tests/Makefile
config.status:1183: executing depfiles commands
config.status:1183: executing libtool commands
